mar. 17, 2025 10:15:29 PM liquibase.changelog
INFO: Reading resource: db/changelog/migrations/db.changelog-202503171518.sql
mar. 17, 2025 10:15:29 PM liquibase.changelog
INFO: Reading from board.DATABASECHANGELOG
mar. 17, 2025 10:15:29 PM liquibase.changelog
INFO: Reading resource: db/changelog/migrations/db.changelog-202503171704.sql
mar. 17, 2025 10:15:29 PM liquibase.changelog
INFO: Reading resource: db/changelog/migrations/db.changelog-202503171713.sql
mar. 17, 2025 10:15:29 PM liquibase.changelog
INFO: Reading resource: db/changelog/migrations/db.changelog-202503171716.sql
Database is up to date, no changesets to execute
mar. 17, 2025 10:15:29 PM liquibase.changelog
INFO: Reading from board.DATABASECHANGELOG

UPDATE SUMMARY
Run:                          0
Previously run:               4
Filtered out:                 0
-------------------------------
Total change sets:            4

mar. 17, 2025 10:15:29 PM liquibase.util
INFO: UPDATE SUMMARY
mar. 17, 2025 10:15:29 PM liquibase.util
INFO: Run:                          0
mar. 17, 2025 10:15:29 PM liquibase.util
INFO: Previously run:               4
mar. 17, 2025 10:15:29 PM liquibase.util
INFO: Filtered out:                 0
mar. 17, 2025 10:15:29 PM liquibase.util
INFO: -------------------------------
mar. 17, 2025 10:15:29 PM liquibase.util
INFO: Total change sets:            4
mar. 17, 2025 10:15:29 PM liquibase.util
INFO: Update summary generated
mar. 17, 2025 10:15:29 PM liquibase.command
INFO: Command execution complete
